Oct-25 20:44:55.675 [main] DEBUG nextflow.cli.Launcher - $> nextflow pipeline.nf --o 'Arothron carduus' --t genus --docker 'ynotbs/nextflow:latest'
Oct-25 20:44:55.841 [main] DEBUG nextflow.cli.CmdRun - N E X T F L O W  ~  version 25.04.6
Oct-25 20:44:55.959 [main] DEBUG nextflow.plugin.PluginsFacade - Setting up plugin manager > mode=prod; embedded=false; plugins-dir=/home/ynot/.nextflow/plugins; core-plugins: nf-amazon@2.15.0,nf-azure@1.16.0,nf-cloudcache@0.4.3,nf-codecommit@0.2.3,nf-console@1.2.1,nf-google@1.21.1,nf-k8s@1.0.0,nf-tower@1.11.4,nf-wave@1.12.1
Oct-25 20:44:56.028 [main] INFO  o.pf4j.DefaultPluginStatusProvider - Enabled plugins: []
Oct-25 20:44:56.029 [main] INFO  o.pf4j.DefaultPluginStatusProvider - Disabled plugins: []
Oct-25 20:44:56.035 [main] INFO  org.pf4j.DefaultPluginManager - PF4J version 3.12.0 in 'deployment' mode
Oct-25 20:44:56.064 [main] INFO  org.pf4j.AbstractPluginManager - No plugins
Oct-25 20:44:56.103 [main] DEBUG nextflow.config.ConfigBuilder - Found config local: /home/ynot/Automagic-Phylogenies/nextflow.config
Oct-25 20:44:56.108 [main] DEBUG nextflow.config.ConfigBuilder - Parsing config file: /home/ynot/Automagic-Phylogenies/nextflow.config
Oct-25 20:44:56.174 [main] DEBUG n.secret.LocalSecretsProvider - Secrets store: /home/ynot/.nextflow/secrets/store.json
Oct-25 20:44:56.183 [main] DEBUG nextflow.secret.SecretsLoader - Discovered secrets providers: [nextflow.secret.LocalSecretsProvider@12a160c2] - activable => nextflow.secret.LocalSecretsProvider@12a160c2
Oct-25 20:44:56.213 [main] DEBUG nextflow.config.ConfigBuilder - Applying config profile: `standard`
Oct-25 20:44:57.211 [main] DEBUG nextflow.cli.CmdRun - Applied DSL=2 by global default
Oct-25 20:44:57.259 [main] DEBUG nextflow.cli.CmdRun - Launching `pipeline.nf` [extravagant_varahamihira] DSL2 - revision: aa39491952
Oct-25 20:44:57.262 [main] DEBUG nextflow.plugin.PluginsFacade - Plugins default=[]
Oct-25 20:44:57.263 [main] DEBUG nextflow.plugin.PluginsFacade - Plugins resolved requirement=[]
Oct-25 20:44:57.425 [main] DEBUG nextflow.Session - Session UUID: ee9af7a7-97a4-42d4-8aae-3182aeed0dd9
Oct-25 20:44:57.426 [main] DEBUG nextflow.Session - Run name: extravagant_varahamihira
Oct-25 20:44:57.427 [main] DEBUG nextflow.Session - Executor pool size: 8
Oct-25 20:44:57.442 [main] DEBUG nextflow.file.FilePorter - File porter settings maxRetries=3; maxTransfers=50; pollTimeout=null
Oct-25 20:44:57.453 [main] DEBUG nextflow.util.ThreadPoolBuilder - Creating thread pool 'FileTransfer' minSize=10; maxSize=24; workQueue=LinkedBlockingQueue[-1]; allowCoreThreadTimeout=false
Oct-25 20:44:57.549 [main] DEBUG nextflow.cli.CmdRun - 
  Version: 25.04.6 build 5954
  Created: 01-07-2025 11:27 UTC (12:27 WEST)
  System: Linux 6.12.48-1-MANJARO
  Runtime: Groovy 4.0.26 on OpenJDK 64-Bit Server VM 21.0.8+9
  Encoding: UTF-8 (UTF-8)
  Process: 3909@ynot [127.0.1.1]
  CPUs: 8 - Mem: 10.3 GB (6.5 GB) - Swap: 0 (0)
Oct-25 20:44:57.598 [main] DEBUG nextflow.Session - Work-dir: /home/ynot/Automagic-Phylogenies/work [ext2/ext3]
Oct-25 20:44:57.599 [main] DEBUG nextflow.Session - Script base path does not exist or is not a directory: /home/ynot/Automagic-Phylogenies/bin
Oct-25 20:44:57.627 [main] DEBUG nextflow.executor.ExecutorFactory - Extension executors providers=[]
Oct-25 20:44:57.660 [main] DEBUG nextflow.Session - Observer factory: DefaultObserverFactory
Oct-25 20:44:57.670 [main] DEBUG nextflow.Session - Observer factory (v2): LinObserverFactory
Oct-25 20:44:57.739 [main] DEBUG nextflow.cache.CacheFactory - Using Nextflow cache factory: nextflow.cache.DefaultCacheFactory
Oct-25 20:44:57.763 [main] DEBUG nextflow.util.CustomThreadPool - Creating default thread pool > poolSize: 9; maxThreads: 1000
Oct-25 20:44:57.934 [main] DEBUG nextflow.Session - Session start
Oct-25 20:44:59.261 [main] DEBUG nextflow.script.ScriptRunner - > Launching execution
Oct-25 20:44:59.546 [main] DEBUG nextflow.executor.ExecutorFactory - << taskConfig executor: null
Oct-25 20:44:59.547 [main] DEBUG nextflow.executor.ExecutorFactory - >> processorType: 'local'
Oct-25 20:44:59.557 [main] DEBUG nextflow.executor.Executor - [warm up] executor > local
Oct-25 20:44:59.572 [main] DEBUG n.processor.LocalPollingMonitor - Creating local task monitor for executor 'local' > cpus=8; memory=10.3 GB; capacity=8; pollInterval=100ms; dumpInterval=5m
Oct-25 20:44:59.586 [main] DEBUG n.processor.TaskPollingMonitor - >>> barrier register (monitor: local)
Oct-25 20:44:59.637 [main] DEBUG nextflow.processor.TaskProcessor - Creating process 'dowloadSeqs': maxForks=0; fair=false; array=0
Oct-25 20:44:59.753 [main] DEBUG nextflow.executor.ExecutorFactory - << taskConfig executor: null
Oct-25 20:44:59.754 [main] DEBUG nextflow.executor.ExecutorFactory - >> processorType: 'local'
Oct-25 20:44:59.755 [main] DEBUG nextflow.processor.TaskProcessor - Creating process 'deleteSingleSeqs': maxForks=0; fair=false; array=0
Oct-25 20:44:59.768 [main] DEBUG nextflow.executor.ExecutorFactory - << taskConfig executor: null
Oct-25 20:44:59.769 [main] DEBUG nextflow.executor.ExecutorFactory - >> processorType: 'local'
Oct-25 20:44:59.770 [main] DEBUG nextflow.processor.TaskProcessor - Creating process 'alignSeqs': maxForks=0; fair=false; array=0
Oct-25 20:44:59.782 [main] DEBUG nextflow.executor.ExecutorFactory - << taskConfig executor: null
Oct-25 20:44:59.782 [main] DEBUG nextflow.executor.ExecutorFactory - >> processorType: 'local'
Oct-25 20:44:59.784 [main] DEBUG nextflow.processor.TaskProcessor - Creating process 'concatenateSeqs': maxForks=0; fair=false; array=0
Oct-25 20:44:59.795 [main] DEBUG nextflow.executor.ExecutorFactory - << taskConfig executor: null
Oct-25 20:44:59.795 [main] DEBUG nextflow.executor.ExecutorFactory - >> processorType: 'local'
Oct-25 20:44:59.797 [main] DEBUG nextflow.processor.TaskProcessor - Creating process 'findBestModel': maxForks=0; fair=false; array=0
Oct-25 20:44:59.812 [main] DEBUG nextflow.executor.ExecutorFactory - << taskConfig executor: null
Oct-25 20:44:59.812 [main] DEBUG nextflow.executor.ExecutorFactory - >> processorType: 'local'
Oct-25 20:44:59.814 [main] DEBUG nextflow.processor.TaskProcessor - Creating process 'bestTree': maxForks=0; fair=false; array=0
Oct-25 20:44:59.828 [main] DEBUG nextflow.executor.ExecutorFactory - << taskConfig executor: null
Oct-25 20:44:59.829 [main] DEBUG nextflow.executor.ExecutorFactory - >> processorType: 'local'
Oct-25 20:44:59.830 [main] DEBUG nextflow.processor.TaskProcessor - Creating process 'bootstrapTrees': maxForks=0; fair=false; array=0
Oct-25 20:44:59.842 [main] DEBUG nextflow.executor.ExecutorFactory - << taskConfig executor: null
Oct-25 20:44:59.843 [main] DEBUG nextflow.executor.ExecutorFactory - >> processorType: 'local'
Oct-25 20:44:59.844 [main] DEBUG nextflow.processor.TaskProcessor - Creating process 'supportTree': maxForks=0; fair=false; array=0
Oct-25 20:44:59.854 [main] DEBUG nextflow.executor.ExecutorFactory - << taskConfig executor: null
Oct-25 20:44:59.854 [main] DEBUG nextflow.executor.ExecutorFactory - >> processorType: 'local'
Oct-25 20:44:59.855 [main] DEBUG nextflow.processor.TaskProcessor - Creating process 'buildTree': maxForks=0; fair=false; array=0
Oct-25 20:44:59.862 [main] DEBUG nextflow.Session - Workflow process names [dsl2]: concatenateSeqs, bestTree, bootstrapTrees, buildTree, dowloadSeqs, deleteSingleSeqs, alignSeqs, supportTree, findBestModel
Oct-25 20:44:59.865 [main] DEBUG nextflow.Session - Igniting dataflow network (11)
Oct-25 20:44:59.867 [main] DEBUG nextflow.processor.TaskProcessor - Starting process > dowloadSeqs
Oct-25 20:44:59.869 [main] DEBUG nextflow.processor.TaskProcessor - Starting process > deleteSingleSeqs
Oct-25 20:44:59.870 [main] DEBUG nextflow.processor.TaskProcessor - Starting process > alignSeqs
Oct-25 20:44:59.871 [main] DEBUG nextflow.processor.TaskProcessor - Starting process > concatenateSeqs
Oct-25 20:44:59.879 [main] DEBUG nextflow.processor.TaskProcessor - Starting process > findBestModel
Oct-25 20:44:59.880 [main] DEBUG nextflow.processor.TaskProcessor - Starting process > bestTree
Oct-25 20:44:59.881 [main] DEBUG nextflow.processor.TaskProcessor - Starting process > bootstrapTrees
Oct-25 20:44:59.883 [main] DEBUG nextflow.processor.TaskProcessor - Starting process > supportTree
Oct-25 20:44:59.884 [main] DEBUG nextflow.processor.TaskProcessor - Starting process > buildTree
Oct-25 20:44:59.885 [main] DEBUG nextflow.script.ScriptRunner - Parsed script files:
  Script_bf85b9604ef60752: /home/ynot/Automagic-Phylogenies/pipeline.nf
Oct-25 20:44:59.886 [main] DEBUG nextflow.script.ScriptRunner - > Awaiting termination 
Oct-25 20:44:59.886 [main] DEBUG nextflow.Session - Session await
Oct-25 20:45:00.243 [Task submitter] DEBUG n.executor.local.LocalTaskHandler - Launch cmd line: /bin/bash -ue .command.run
Oct-25 20:45:00.251 [Task submitter] INFO  nextflow.Session - [27/b49f18] Submitted process > dowloadSeqs (1)
Oct-25 20:46:30.578 [Task monitor] DEBUG n.processor.TaskPollingMonitor - Task completed > TaskHandler[id: 1; name: dowloadSeqs (1); status: COMPLETED; exit: 0; error: -; workDir: /home/ynot/Automagic-Phylogenies/work/27/b49f18e8aca1df24a61c26b38a5fa5]
Oct-25 20:46:30.580 [Task monitor] DEBUG nextflow.util.ThreadPoolBuilder - Creating thread pool 'TaskFinalizer' minSize=10; maxSize=24; workQueue=LinkedBlockingQueue[-1]; allowCoreThreadTimeout=false
Oct-25 20:46:30.637 [TaskFinalizer-1] DEBUG nextflow.util.ThreadPoolBuilder - Creating thread pool 'PublishDir' minSize=10; maxSize=24; workQueue=LinkedBlockingQueue[-1]; allowCoreThreadTimeout=false
Oct-25 20:46:30.690 [Task submitter] DEBUG n.executor.local.LocalTaskHandler - Launch cmd line: /bin/bash -ue .command.run
Oct-25 20:46:30.692 [Task submitter] INFO  nextflow.Session - [2f/fd85e9] Submitted process > deleteSingleSeqs (1)
Oct-25 20:46:31.420 [Task monitor] DEBUG n.processor.TaskPollingMonitor - Task completed > TaskHandler[id: 2; name: deleteSingleSeqs (1); status: COMPLETED; exit: 0; error: -; workDir: /home/ynot/Automagic-Phylogenies/work/2f/fd85e929a58f2fb9076597027e2f5d]
Oct-25 20:46:31.454 [Task submitter] DEBUG n.executor.local.LocalTaskHandler - Launch cmd line: /bin/bash -ue .command.run
Oct-25 20:46:31.456 [Task submitter] INFO  nextflow.Session - [b5/4deab1] Submitted process > alignSeqs (1)
Oct-25 20:47:17.251 [Task monitor] DEBUG n.processor.TaskPollingMonitor - Task completed > TaskHandler[id: 3; name: alignSeqs (1); status: COMPLETED; exit: 0; error: -; workDir: /home/ynot/Automagic-Phylogenies/work/b5/4deab1955c6b26f44c41661fbb6b4f]
Oct-25 20:47:17.272 [Task submitter] DEBUG n.executor.local.LocalTaskHandler - Launch cmd line: /bin/bash -ue .command.run
Oct-25 20:47:17.274 [Task submitter] INFO  nextflow.Session - [40/ec6bd2] Submitted process > concatenateSeqs (1)
Oct-25 20:47:18.001 [Task monitor] DEBUG n.processor.TaskPollingMonitor - Task completed > TaskHandler[id: 4; name: concatenateSeqs (1); status: COMPLETED; exit: 0; error: -; workDir: /home/ynot/Automagic-Phylogenies/work/40/ec6bd2f142a0ed5b57e23121e960ce]
Oct-25 20:47:18.021 [Task submitter] DEBUG n.executor.local.LocalTaskHandler - Launch cmd line: /bin/bash -ue .command.run
Oct-25 20:47:18.022 [Task submitter] INFO  nextflow.Session - [80/34a322] Submitted process > findBestModel (1)
Oct-25 20:47:18.773 [Task monitor] DEBUG n.processor.TaskPollingMonitor - Task completed > TaskHandler[id: 5; name: findBestModel (1); status: COMPLETED; exit: 0; error: -; workDir: /home/ynot/Automagic-Phylogenies/work/80/34a3224d3f5c0122a7a665d307df06]
Oct-25 20:47:18.805 [Task submitter] DEBUG n.executor.local.LocalTaskHandler - Launch cmd line: /bin/bash -ue .command.run
Oct-25 20:47:18.807 [Task submitter] INFO  nextflow.Session - [ce/d3472a] Submitted process > bestTree (1)
Oct-25 20:47:18.823 [Task submitter] DEBUG n.executor.local.LocalTaskHandler - Launch cmd line: /bin/bash -ue .command.run
Oct-25 20:47:18.824 [Task submitter] INFO  nextflow.Session - [0b/43c401] Submitted process > bootstrapTrees (1)
Oct-25 20:47:20.864 [Task monitor] DEBUG n.processor.TaskPollingMonitor - Task completed > TaskHandler[id: 6; name: bestTree (1); status: COMPLETED; exit: 0; error: -; workDir: /home/ynot/Automagic-Phylogenies/work/ce/d3472abc5297a87cb23e6530155202]
Oct-25 20:47:21.157 [Task monitor] DEBUG n.processor.TaskPollingMonitor - Task completed > TaskHandler[id: 7; name: bootstrapTrees (1); status: COMPLETED; exit: 0; error: -; workDir: /home/ynot/Automagic-Phylogenies/work/0b/43c401b11bfeca063a7fbdee54691c]
Oct-25 20:47:21.178 [Task submitter] DEBUG n.executor.local.LocalTaskHandler - Launch cmd line: /bin/bash -ue .command.run
Oct-25 20:47:21.180 [Task submitter] INFO  nextflow.Session - [a1/691b59] Submitted process > supportTree (1)
Oct-25 20:47:21.684 [Task monitor] DEBUG n.processor.TaskPollingMonitor - Task completed > TaskHandler[id: 8; name: supportTree (1); status: COMPLETED; exit: 0; error: -; workDir: /home/ynot/Automagic-Phylogenies/work/a1/691b5906bab233930fbbfc015c4289]
Oct-25 20:47:21.703 [Task submitter] DEBUG n.executor.local.LocalTaskHandler - Launch cmd line: /bin/bash -ue .command.run
Oct-25 20:47:21.704 [Task submitter] INFO  nextflow.Session - [12/643fe9] Submitted process > buildTree (1)
Oct-25 20:47:25.075 [Task monitor] DEBUG n.processor.TaskPollingMonitor - Task completed > TaskHandler[id: 9; name: buildTree (1); status: COMPLETED; exit: 0; error: -; workDir: /home/ynot/Automagic-Phylogenies/work/12/643fe91f38f61f369736dcbe35db8c]
Oct-25 20:47:25.081 [main] DEBUG nextflow.Session - Session await > all processes finished
Oct-25 20:47:25.179 [Task monitor] DEBUG n.processor.TaskPollingMonitor - <<< barrier arrives (monitor: local) - terminating tasks monitor poll loop
Oct-25 20:47:25.180 [main] DEBUG nextflow.Session - Session await > all barriers passed
Oct-25 20:47:25.185 [main] DEBUG nextflow.util.ThreadPoolManager - Thread pool 'TaskFinalizer' shutdown completed (hard=false)
Oct-25 20:47:25.186 [main] DEBUG nextflow.util.ThreadPoolManager - Thread pool 'PublishDir' shutdown completed (hard=false)
Oct-25 20:47:25.198 [main] DEBUG n.trace.WorkflowStatsObserver - Workflow completed > WorkflowStats[succeededCount=9; failedCount=0; ignoredCount=0; cachedCount=0; pendingCount=0; submittedCount=0; runningCount=0; retriesCount=0; abortedCount=0; succeedDuration=2m 26s; failedDuration=0ms; cachedDuration=0ms;loadCpus=0; loadMemory=0; peakRunning=2; peakCpus=2; peakMemory=0; ]
Oct-25 20:47:25.348 [main] DEBUG nextflow.cache.CacheDB - Closing CacheDB done
Oct-25 20:47:25.378 [main] DEBUG nextflow.util.ThreadPoolManager - Thread pool 'FileTransfer' shutdown completed (hard=false)
Oct-25 20:47:25.378 [main] DEBUG nextflow.script.ScriptRunner - > Execution complete -- Goodbye
